ParseStarterProject/build/outputs/mapping/release/mapping.txt
# compiler: R8
# compiler_version: 1.5.69
# min_api: 26
# pg_map_id: ba1fd83
com.parse.starter.BookingConfirmation -> com.parse.starter.BookingConfirmation:
    1:1:void <init>():17:17 -> <init>
    1:2:void onCreate(android.os.Bundle):32:33 -> onCreate
    3:5:void onCreate(android.os.Bundle):35:37 -> onCreate
    6:7:void onCreate(android.os.Bundle):39:40 -> onCreate
    8:9:void onCreate(android.os.Bundle):42:43 -> onCreate
    10:11:void onCreate(android.os.Bundle):45:46 -> onCreate
    1:3:void refresh(android.view.View):24:26 -> refresh
com.parse.starter.Feedback -> com.parse.starter.Feedback:
    1:1:void <init>():10:10 -> <init>
    1:2:void onCreate(android.os.Bundle):18:19 -> onCreate
    3:6:void onCreate(android.os.Bundle):21:24 -> onCreate
    7:8:void onCreate(android.os.Bundle):26:27 -> onCreate
    1:3:void sendMail():36:38 -> sendMail
    4:7:void sendMail():43:46 -> sendMail
    8:9:void sendMail():48:49 -> sendMail
com.parse.starter.Feedback$1 -> com.parse.starter.Feedback$1:
    1:1:void <init>(com.parse.starter.Feedback):27:27 -> <init>
    1:1:void onClick(android.view.View):30:30 -> onClick
com.parse.starter.FindFood -> com.parse.starter.FindFood:
    1:1:void <init>():23:23 -> <init>
    2:2:void <init>():30:30 -> <init>
    1:1:java.util.ArrayList access$000(com.parse.starter.FindFood):23:23 -> access$000
    1:1:com.parse.starter.HomeAdapter access$100(com.parse.starter.FindFood):23:23 -> access$100
    1:2:void onCreate(android.os.Bundle):42:43 -> onCreate
    3:3:void onCreate(android.os.Bundle):45:45 -> onCreate
    4:4:void onCreate(android.os.Bundle):47:47 -> onCreate
    5:5:void onCreate(android.os.Bundle):50:50 -> onCreate
    6:6:void onCreate(android.os.Bundle):102:102 -> onCreate
    7:7:void onCreate(android.os.Bundle):104:104 -> onCreate
    8:9:void onCreate(android.os.Bundle):106:107 -> onCreate
    10:12:void onCreate(android.os.Bundle):110:112 -> onCreate
    13:13:void onCreate(android.os.Bundle):114:114 -> onCreate
    14:15:void onCreate(android.os.Bundle):117:118 -> onCreate
    16:16:void onCreate(android.os.Bundle):120:120 -> onCreate
    1:3:void refresh(android.view.View):34:36 -> refresh
com.parse.starter.FindFood$1 -> com.parse.starter.FindFood$1:
    1:1:void <init>(com.parse.starter.FindFood):50:50 -> <init>
    1:1:void done(java.lang.Object,java.lang.Throwable):50:50 -> done
    2:2:void done(java.util.List,com.parse.ParseException):55:55 -> done
    3:3:void done(java.util.List,com.parse.ParseException):57:57 -> done
    4:4:void done(java.util.List,com.parse.ParseException):59:59 -> done
    5:6:void done(java.util.List,com.parse.ParseException):81:82 -> done
    7:7:void done(java.util.List,com.parse.ParseException):97:97 -> done
com.parse.starter.FindFood$2 -> com.parse.starter.FindFood$2:
    1:1:void <init>(com.parse.starter.FindFood):120:120 -> <init>
    1:1:void onItemClick(int):123:123 -> onItemClick
    2:4:void onItemClick(int):128:130 -> onItemClick
com.parse.starter.Food -> com.parse.starter.Food:
    1:5:void <init>(int,java.lang.String,java.lang.String,int):9:13 -> <init>
    1:2:void decrementQty():36:37 -> decrementQty
    1:1:int getFoodQuantity():28:28 -> getFoodQuantity
    1:1:int getImageResource():17:17 -> getImageResource
    1:1:java.lang.String getmText1():21:21 -> getmText1
    1:1:java.lang.String getmText2():25:25 -> getmText2
    1:1:void incrementQty():31:31 -> incrementQty
...
android.support.v4.app.FragmentTransitionCompat21$2 -> a.b.c.a.v$b:
    android.view.View val$fragmentView -> a
    java.util.ArrayList val$exitingViews -> b
    1:1:void <init>(android.view.View,java.util.ArrayList):220:220 -> <init>
    1:3:void onTransitionEnd(android.transition.Transition):227:229 -> onTransitionEnd
    4:4:void onTransitionEnd(android.transition.Transition):231:231 -> onTransitionEnd
android.support.v4.app.FragmentTransitionCompat21$3 -> a.b.c.a.v$c:
    java.util.ArrayList val$outNames -> e
    java.util.ArrayList val$sharedElementsOut -> d
    java.util.ArrayList val$inNames -> c
    java.util.ArrayList val$sharedElementsIn -> b
    int val$numSharedElements -> a
    1:1:void <init>(int,java.util.ArrayList,java.util.ArrayList,java.util.ArrayList,java.util.ArrayList):343:343 -> <init>
    1:3:void run():346:348 -> run
android.support.v4.app.FragmentTransitionCompat21$4 -> a.b.c.a.v$d:
    java.util.Map val$nameOverrides -> b
    java.util.ArrayList val$sharedElementsIn -> a
    1:1:void <init>(java.util.ArrayList,java.util.Map):403:403 -> <init>
    1:1:void run():406:406 -> run
    2:3:void run():408:409 -> run
    4:5:void run():411:412 -> run
android.support.v4.app.FragmentTransitionCompat21$5 -> a.b.c.a.v$e:
    java.lang.Object val$sharedElementTransition -> e
    java.lang.Object val$exitTransition -> c
    java.util.ArrayList val$sharedElementsIn -> f
    java.lang.Object val$enterTransition -> a
    java.util.ArrayList val$exitingViews -> d
    java.util.ArrayList val$enteringViews -> b
    1:1:void <init>(java.lang.Object,java.util.ArrayList,java.lang.Object,java.util.ArrayList,java.lang.Object,java.util.ArrayList):440:440 -> <init>
    1:2:void onTransitionStart(android.transition.Transition):443:444 -> onTransitionStart
    3:4:void onTransitionStart(android.transition.Transition):446:447 -> onTransitionStart
    5:6:void onTransitionStart(android.transition.Transition):449:450 -> onTransitionStart
android.support.v4.app.FragmentTransitionCompat21$6 -> a.b.c.a.v$f:
    android.graphics.Rect val$epicenter -> a
    1:1:void <init>(android.graphics.Rect):546:546 -> <init>
    1:1:android.graphics.Rect onGetEpicenter(android.transition.Transition):549:549 -> onGetEpicenter
    2:2:android.graphics.Rect onGetEpicenter(android.transition.Transition):552:552 -> onGetEpicenter
android.support.v4.app.FragmentTransitionCompat21$7 -> a.b.c.a.v$g:
    java.util.Map val$nameOverrides -> b
    java.util.ArrayList val$sharedElementsIn -> a
    1:1:void <init>(java.util.ArrayList,java.util.Map):560:560 -> <init>
    1:1:void run():563:563 -> run
    2:5:void run():565:568 -> run
android.support.v4.app.INotificationSideChannel -> a.b.c.a.w:
    void notify(java.lang.String,int,java.lang.String,android.app.Notification) -> a
android.support.v4.app.INotificationSideChannel$Stub -> a.b.c.a.w$a:
    1:3:android.support.v4.app.INotificationSideChannel asInterface(android.os.IBinder):32:34 -> a
    4:4:android.support.v4.app.INotificationSideChannel asInterface(android.os.IBinder):36:36 -> a
android.support.v4.app.INotificationSideChannel$Stub$Proxy -> a.b.c.a.w$a$a:
    android.os.IBinder mRemote -> a
    1:2:void <init>(android.os.IBinder):97:98 -> <init>
    1:1:void notify(java.lang.String,int,java.lang.String,android.app.Notification):113:113 -> a
    2:5:void notify(java.lang.String,int,java.lang.String,android.app.Notification):115:118 -> a
    6:7:void notify(java.lang.String,int,java.lang.String,android.app.Notification):120:121 -> a
    8:8:void notify(java.lang.String,int,java.lang.String,android.app.Notification):124:124 -> a
    9:9:void notify(java.lang.String,int,java.lang.String,android.app.Notification):126:126 -> a
    10:10:void notify(java.lang.String,int,java.lang.String,android.app.Notification):129:129 -> a
    1:1:android.os.IBinder asBinder():102:102 -> asBinder